
**** Build of configuration Debug for project IMULabs ****

"C:\\ti\\ccs1000\\ccs\\utils\\bin\\gmake" -k -j 8 all -O 
 
Building file: "../main.c"
Invoking: ARM Compiler
"C:/ti/ccs1000/ccs/tools/compiler/ti-cgt-arm_20.2.0.LTS/bin/armcl" -mv7M4 --code_state=16 --float_support=FPv4SPD16 -me --include_path="C:/ti/ccs1000/ccs/ccs_base/arm/include" --include_path="C:/ti/ccs1000/ccs/ccs_base/arm/include/CMSIS" --include_path="C:/Users/enric/OneDrive - Universitat de Barcelona/UB/6e semestre/LSE1/Projecte final/C_code/IMULabs" --include_path="C:/ti/ccs1000/ccs/tools/compiler/ti-cgt-arm_20.2.0.LTS/include" --advice:power=all --define=__MSP432P401R__ --define=ccs -g --gcc --diag_warning=225 --diag_wrap=off --display_error_number --abi=eabi --preproc_with_compile --preproc_dependency="main.d_raw"  "../main.c"
 
>> Compilation failure
subdir_rules.mk:9: recipe for target 'main.obj' failed
"../main.c", line 2: fatal error #1965: cannot open source file "ti/devices/msp432p4xx/driverlib/driverlib.h"
1 catastrophic error detected in the compilation of "../main.c".
Compilation terminated.
gmake: *** [main.obj] Error 1
Building file: "../lib/i2cLib.c"
Invoking: ARM Compiler
"C:/ti/ccs1000/ccs/tools/compiler/ti-cgt-arm_20.2.0.LTS/bin/armcl" -mv7M4 --code_state=16 --float_support=FPv4SPD16 -me --include_path="C:/ti/ccs1000/ccs/ccs_base/arm/include" --include_path="C:/ti/ccs1000/ccs/ccs_base/arm/include/CMSIS" --include_path="C:/Users/enric/OneDrive - Universitat de Barcelona/UB/6e semestre/LSE1/Projecte final/C_code/IMULabs" --include_path="C:/ti/ccs1000/ccs/tools/compiler/ti-cgt-arm_20.2.0.LTS/include" --advice:power=all --define=__MSP432P401R__ --define=ccs -g --gcc --diag_warning=225 --diag_wrap=off --display_error_number --abi=eabi --preproc_with_compile --preproc_dependency="lib/i2cLib.d_raw" --obj_directory="lib"  "../lib/i2cLib.c"
 
>> Compilation failure
lib/subdir_rules.mk:9: recipe for target 'lib/i2cLib.obj' failed
"..\lib\i2cLib.h", line 12: fatal error #1965: cannot open source file "ti/devices/msp432p4xx/driverlib/driverlib.h"
1 catastrophic error detected in the compilation of "../lib/i2cLib.c".
Compilation terminated.
gmake: *** [lib/i2cLib.obj] Error 1
Building file: "../lib/misc.c"
Invoking: ARM Compiler
"C:/ti/ccs1000/ccs/tools/compiler/ti-cgt-arm_20.2.0.LTS/bin/armcl" -mv7M4 --code_state=16 --float_support=FPv4SPD16 -me --include_path="C:/ti/ccs1000/ccs/ccs_base/arm/include" --include_path="C:/ti/ccs1000/ccs/ccs_base/arm/include/CMSIS" --include_path="C:/Users/enric/OneDrive - Universitat de Barcelona/UB/6e semestre/LSE1/Projecte final/C_code/IMULabs" --include_path="C:/ti/ccs1000/ccs/tools/compiler/ti-cgt-arm_20.2.0.LTS/include" --advice:power=all --define=__MSP432P401R__ --define=ccs -g --gcc --diag_warning=225 --diag_wrap=off --display_error_number --abi=eabi --preproc_with_compile --preproc_dependency="lib/misc.d_raw" --obj_directory="lib"  "../lib/misc.c"
 
>> Compilation failure
lib/subdir_rules.mk:9: recipe for target 'lib/misc.obj' failed
"../lib/misc.c", line 9: fatal error #1965: cannot open source file "ti/devices/msp432p4xx/driverlib/driverlib.h"
1 catastrophic error detected in the compilation of "../lib/misc.c".
Compilation terminated.
gmake: *** [lib/misc.obj] Error 1
Building file: "../lib/uartLib.c"
Invoking: ARM Compiler
"C:/ti/ccs1000/ccs/tools/compiler/ti-cgt-arm_20.2.0.LTS/bin/armcl" -mv7M4 --code_state=16 --float_support=FPv4SPD16 -me --include_path="C:/ti/ccs1000/ccs/ccs_base/arm/include" --include_path="C:/ti/ccs1000/ccs/ccs_base/arm/include/CMSIS" --include_path="C:/Users/enric/OneDrive - Universitat de Barcelona/UB/6e semestre/LSE1/Projecte final/C_code/IMULabs" --include_path="C:/ti/ccs1000/ccs/tools/compiler/ti-cgt-arm_20.2.0.LTS/include" --advice:power=all --define=__MSP432P401R__ --define=ccs -g --gcc --diag_warning=225 --diag_wrap=off --display_error_number --abi=eabi --preproc_with_compile --preproc_dependency="lib/uartLib.d_raw" --obj_directory="lib"  "../lib/uartLib.c"
 
>> Compilation failure
lib/subdir_rules.mk:9: recipe for target 'lib/uartLib.obj' failed
"..\lib\uartLib.h", line 8: fatal error #1965: cannot open source file "ti/devices/msp432p4xx/driverlib/driverlib.h"
1 catastrophic error detected in the compilation of "../lib/uartLib.c".
Compilation terminated.
gmake: *** [lib/uartLib.obj] Error 1
Building file: "../startup_msp432p401r_ccs.c"
Invoking: ARM Compiler
"C:/ti/ccs1000/ccs/tools/compiler/ti-cgt-arm_20.2.0.LTS/bin/armcl" -mv7M4 --code_state=16 --float_support=FPv4SPD16 -me --include_path="C:/ti/ccs1000/ccs/ccs_base/arm/include" --include_path="C:/ti/ccs1000/ccs/ccs_base/arm/include/CMSIS" --include_path="C:/Users/enric/OneDrive - Universitat de Barcelona/UB/6e semestre/LSE1/Projecte final/C_code/IMULabs" --include_path="C:/ti/ccs1000/ccs/tools/compiler/ti-cgt-arm_20.2.0.LTS/include" --advice:power=all --define=__MSP432P401R__ --define=ccs -g --gcc --diag_warning=225 --diag_wrap=off --display_error_number --abi=eabi --preproc_with_compile --preproc_dependency="startup_msp432p401r_ccs.d_raw"  "../startup_msp432p401r_ccs.c"
Finished building: "../startup_msp432p401r_ccs.c"
 
Building file: "../system_msp432p401r.c"
Invoking: ARM Compiler
"C:/ti/ccs1000/ccs/tools/compiler/ti-cgt-arm_20.2.0.LTS/bin/armcl" -mv7M4 --code_state=16 --float_support=FPv4SPD16 -me --include_path="C:/ti/ccs1000/ccs/ccs_base/arm/include" --include_path="C:/ti/ccs1000/ccs/ccs_base/arm/include/CMSIS" --include_path="C:/Users/enric/OneDrive - Universitat de Barcelona/UB/6e semestre/LSE1/Projecte final/C_code/IMULabs" --include_path="C:/ti/ccs1000/ccs/tools/compiler/ti-cgt-arm_20.2.0.LTS/include" --advice:power=all --define=__MSP432P401R__ --define=ccs -g --gcc --diag_warning=225 --diag_wrap=off --display_error_number --abi=eabi --preproc_with_compile --preproc_dependency="system_msp432p401r.d_raw"  "../system_msp432p401r.c"
"../system_msp432p401r.c", line 156: remark #2624-D: (ULP 5.4) Detected an assignment to a type with size less than int. To avoid unnecessary sign extension, use int-sized types for local varaibles and convert to smaller types for static storage.
"../system_msp432p401r.c", line 189: remark #2624-D: (ULP 5.4) Detected an assignment to a type with size less than int. To avoid unnecessary sign extension, use int-sized types for local varaibles and convert to smaller types for static storage.
Finished building: "../system_msp432p401r.c"
 
gmake: Target 'all' not remade because of errors.

**** Build Finished ****
